[2023-09-24 18:54:34,381: INFO: common: yaml file: config\config.yaml loaded successfully]
[2023-09-24 18:54:34,383: INFO: common: yaml file: params.yaml loaded successfully]
[2023-09-24 18:59:40,701: INFO: common: yaml file: config\config.yaml loaded successfully]
[2023-09-24 18:59:40,705: INFO: common: yaml file: params.yaml loaded successfully]
[2023-09-24 18:59:40,707: INFO: common: created directory at: artifacts]
[2023-09-24 18:59:40,708: INFO: common: created directory at: artifacts/data_ingestion]
[2023-09-24 19:01:03,763: INFO: common: yaml file: config\config.yaml loaded successfully]
[2023-09-24 19:01:03,766: INFO: common: yaml file: params.yaml loaded successfully]
[2023-09-24 19:01:03,768: INFO: common: created directory at: artifacts]
[2023-09-24 19:01:03,769: INFO: common: created directory at: artifacts/data_ingestion]
[2023-09-24 19:11:47,547: INFO: common: yaml file: config\config.yaml loaded successfully]
[2023-09-24 19:11:47,550: INFO: common: yaml file: params.yaml loaded successfully]
[2023-09-24 19:11:47,551: INFO: common: created directory at: artifacts]
[2023-09-24 19:11:47,552: INFO: common: created directory at: artifacts/data_ingestion]
[2023-09-24 19:11:48,496: INFO: 1434958058: artifacts/data_ingestion/data.zip download! with following info: 
Server: GitHub.com
Date: Sun, 24 Sep 2023 13:41:47 GMT
Content-Type: text/html; charset=utf-8
Vary: X-PJAX, X-PJAX-Container, Turbo-Visit, Turbo-Frame, Accept-Encoding, Accept, X-Requested-With
ETag: W/"0758c767e7bc42665193e2c7f0be29a1"
Cache-Control: max-age=0, private, must-revalidate
Strict-Transport-Security: max-age=31536000; includeSubdomains; preload
X-Frame-Options: deny
X-Content-Type-Options: nosniff
X-XSS-Protection: 0
Referrer-Policy: no-referrer-when-downgrade
Content-Security-Policy: default-src 'none'; base-uri 'self'; child-src github.com/assets-cdn/worker/ gist.github.com/assets-cdn/worker/; connect-src 'self' uploads.github.com www.githubstatus.com collector.github.com raw.githubusercontent.com api.githubcopilot.com api.github.com github-cloud.s3.amazonaws.com github-production-repository-file-5c1aeb.s3.amazonaws.com github-production-upload-manifest-file-7fdce7.s3.amazonaws.com github-production-user-asset-6210df.s3.amazonaws.com cdn.optimizely.com logx.optimizely.com/v1/events objects-origin.githubusercontent.com *.actions.githubusercontent.com productionresultssa0.blob.core.windows.net/ productionresultssa1.blob.core.windows.net/ productionresultssa2.blob.core.windows.net/ productionresultssa3.blob.core.windows.net/ productionresultssa4.blob.core.windows.net/ productionresultssa5.blob.core.windows.net/ productionresultssa6.blob.core.windows.net/ productionresultssa7.blob.core.windows.net/ productionresultssa8.blob.core.windows.net/ productionresultssa9.blob.core.windows.net/ wss://*.actions.githubusercontent.com github-production-repository-image-32fea6.s3.amazonaws.com github-production-release-asset-2e65be.s3.amazonaws.com insights.github.com wss://alive.github.com; font-src github.githubassets.com; form-action 'self' github.com gist.github.com objects-origin.githubusercontent.com; frame-ancestors 'none'; frame-src viewscreen.githubusercontent.com notebooks.githubusercontent.com support.github.com; img-src 'self' data: github.githubassets.com media.githubusercontent.com camo.githubusercontent.com identicons.github.com avatars.githubusercontent.com github-cloud.s3.amazonaws.com objects.githubusercontent.com secured-user-images.githubusercontent.com/ user-images.githubusercontent.com/ private-user-images.githubusercontent.com opengraph.githubassets.com github-production-user-asset-6210df.s3.amazonaws.com customer-stories-feed.github.com spotlights-feed.github.com objects-origin.githubusercontent.com *.githubusercontent.com; manifest-src 'self'; media-src github.com user-images.githubusercontent.com/ secured-user-images.githubusercontent.com/ private-user-images.githubusercontent.com; script-src github.githubassets.com; style-src 'unsafe-inline' github.githubassets.com; upgrade-insecure-requests; worker-src github.com/assets-cdn/worker/ gist.github.com/assets-cdn/worker/
Set-Cookie: _gh_sess=nFlIw4YZJUX5UScwdwozAKkezvAh1hjyhXqjA3HmP1O%2B1rCS8Eb5Y3ICtgnh4rb%2F%2BBUeyKOvVpvFJJK6uWlHOUlqDYcC0edbd94gQhAXbNLJqv2qlkj%2BBAmffqB6ol1Dh5WpU6CV9dtd23FzkLxQJlJ9%2BHoWs3VUZu%2BZHO%2Bb7b5AHi%2FfKcQNXdxdvWytkPA2IZ%2FCNQ1uMiT9CooV1717qFUCMiFHHMmZ5bYyZx34vf%2BPTZ4kM9FFg%2F0jEMB6eqEYufZD1mQcu0%2FXzvJveYO54g%3D%3D--tEBZbazFUknuLsXV--zzsuD6dQ5NN3f77MprJQXQ%3D%3D; Path=/; HttpOnly; Secure; SameSite=Lax
Set-Cookie: _octo=GH1.1.1613895501.1695562907; Path=/; Domain=github.com; Expires=Tue, 24 Sep 2024 13:41:47 GMT; Secure; SameSite=Lax
Set-Cookie: logged_in=no; Path=/; Domain=github.com; Expires=Tue, 24 Sep 2024 13:41:47 GMT; HttpOnly; Secure; SameSite=Lax
Accept-Ranges: bytes
Transfer-Encoding: chunked
X-GitHub-Request-Id: ECD4:2165D3:D969BE:FAABE9:65103C9B
connection: close

]
[2023-09-24 19:23:16,373: INFO: common: yaml file: config\config.yaml loaded successfully]
[2023-09-24 19:23:16,375: INFO: common: yaml file: params.yaml loaded successfully]
[2023-09-24 19:23:16,377: INFO: common: created directory at: artifacts]
[2023-09-24 19:23:16,378: INFO: common: created directory at: artifacts/data_ingestion]
[2023-09-24 19:34:09,998: INFO: common: yaml file: config\config.yaml loaded successfully]
[2023-09-24 19:34:10,002: INFO: common: yaml file: params.yaml loaded successfully]
[2023-09-24 19:34:10,003: INFO: common: created directory at: artifacts]
[2023-09-24 19:34:10,004: INFO: common: created directory at: artifacts/data_ingestion]
[2023-09-24 19:34:40,206: INFO: common: yaml file: config\config.yaml loaded successfully]
[2023-09-24 19:34:40,209: INFO: common: yaml file: params.yaml loaded successfully]
[2023-09-24 19:34:40,210: INFO: common: created directory at: artifacts]
[2023-09-24 19:34:40,211: INFO: common: created directory at: artifacts/data_ingestion]
[2023-09-24 19:36:36,313: INFO: common: yaml file: config\config.yaml loaded successfully]
[2023-09-24 19:36:36,316: INFO: common: yaml file: params.yaml loaded successfully]
[2023-09-24 19:36:36,317: INFO: common: created directory at: artifacts]
[2023-09-24 19:36:36,318: INFO: common: created directory at: artifacts/data_ingestion]
[2023-09-24 19:39:51,723: INFO: common: yaml file: config\config.yaml loaded successfully]
[2023-09-24 19:39:51,725: INFO: common: yaml file: params.yaml loaded successfully]
[2023-09-24 19:39:51,726: INFO: common: created directory at: artifacts]
[2023-09-24 19:39:51,728: INFO: common: created directory at: artifacts/data_ingestion]
[2023-09-24 19:40:19,348: INFO: 1434958058: artifacts/data_ingestion/data.zip download! with following info: 
Connection: close
Content-Length: 7903594
Cache-Control: max-age=300
Content-Security-Policy: default-src 'none'; style-src 'unsafe-inline'; sandbox
Content-Type: application/zip
ETag: "dbc016a060da18070593b83afff580c9b300f0b6ea4147a7988433e04df246ca"
Strict-Transport-Security: max-age=31536000
X-Content-Type-Options: nosniff
X-Frame-Options: deny
X-XSS-Protection: 1; mode=block
X-GitHub-Request-Id: E44C:36BE:98BBA:B20F7:65104331
Accept-Ranges: bytes
Date: Sun, 24 Sep 2023 14:10:05 GMT
Via: 1.1 varnish
X-Served-By: cache-qpg1281-QPG
X-Cache: MISS
X-Cache-Hits: 0
X-Timer: S1695564594.696487,VS0,VE12152
Vary: Authorization,Accept-Encoding,Origin
Access-Control-Allow-Origin: *
Cross-Origin-Resource-Policy: cross-origin
X-Fastly-Request-ID: 4dac9c60f5da2564c1663185d4945149b49d6901
Expires: Sun, 24 Sep 2023 14:15:05 GMT
Source-Age: 12

]
[2023-09-24 19:40:52,732: INFO: common: yaml file: config\config.yaml loaded successfully]
[2023-09-24 19:40:52,735: INFO: common: yaml file: params.yaml loaded successfully]
[2023-09-24 19:40:52,737: INFO: common: created directory at: artifacts]
[2023-09-24 19:40:52,737: INFO: common: created directory at: artifacts/data_ingestion]
[2023-09-24 19:40:52,738: INFO: 1434958058: File already exists of size: ~ 7718 KB]
[2023-09-24 19:41:16,231: INFO: common: yaml file: config\config.yaml loaded successfully]
[2023-09-24 19:41:16,233: INFO: common: yaml file: params.yaml loaded successfully]
[2023-09-24 19:41:16,235: INFO: common: created directory at: artifacts]
[2023-09-24 19:41:16,235: INFO: common: created directory at: artifacts/data_ingestion]
[2023-09-24 19:41:31,557: INFO: common: yaml file: config\config.yaml loaded successfully]
[2023-09-24 19:41:31,559: INFO: common: yaml file: params.yaml loaded successfully]
[2023-09-24 19:41:31,561: INFO: common: created directory at: artifacts]
[2023-09-24 19:41:31,561: INFO: common: created directory at: artifacts/data_ingestion]
[2023-09-24 19:41:41,723: INFO: 1434958058: artifacts/data_ingestion/data.zip download! with following info: 
Connection: close
Content-Length: 7903594
Cache-Control: max-age=300
Content-Security-Policy: default-src 'none'; style-src 'unsafe-inline'; sandbox
Content-Type: application/zip
ETag: "dbc016a060da18070593b83afff580c9b300f0b6ea4147a7988433e04df246ca"
Strict-Transport-Security: max-age=31536000
X-Content-Type-Options: nosniff
X-Frame-Options: deny
X-XSS-Protection: 1; mode=block
X-GitHub-Request-Id: E44C:36BE:98BBA:B20F7:65104331
Accept-Ranges: bytes
Date: Sun, 24 Sep 2023 14:11:32 GMT
Via: 1.1 varnish
X-Served-By: cache-qpg1275-QPG
X-Cache: HIT
X-Cache-Hits: 0
X-Timer: S1695564693.975797,VS0,VE1
Vary: Authorization,Accept-Encoding,Origin
Access-Control-Allow-Origin: *
Cross-Origin-Resource-Policy: cross-origin
X-Fastly-Request-ID: 714a2d04a6895d969c26445ccf751dcfa10dcbc2
Expires: Sun, 24 Sep 2023 14:16:32 GMT
Source-Age: 99

]
