[2023-10-01 11:28:20,380: INFO: common: yaml file: config\config.yaml loaded successfully]
[2023-10-01 11:28:20,390: INFO: common: yaml file: params.yaml loaded successfully]
[2023-10-01 11:28:20,391: INFO: common: created directory at: artifacts]
[2023-10-01 11:33:29,356: INFO: common: yaml file: config\config.yaml loaded successfully]
[2023-10-01 11:33:29,359: INFO: common: yaml file: params.yaml loaded successfully]
[2023-10-01 11:33:29,361: INFO: common: created directory at: artifacts]
[2023-10-01 11:33:29,362: INFO: common: created directory at: artifacts/data_ingestion]
[2023-10-01 11:33:29,363: INFO: 1434958058: File already exists of size: ~ 7718 KB]
[2023-10-01 11:45:21,679: INFO: common: yaml file: config\config.yaml loaded successfully]
[2023-10-01 11:45:21,682: INFO: common: yaml file: params.yaml loaded successfully]
[2023-10-01 11:45:21,684: INFO: common: created directory at: artifacts]
[2023-10-01 11:45:21,685: INFO: common: created directory at: artifacts/data_ingestion]
[2023-10-01 11:45:21,686: INFO: 1434958058: File already exists of size: ~ 7718 KB]
[2023-10-01 11:45:57,370: INFO: common: yaml file: config\config.yaml loaded successfully]
[2023-10-01 11:45:57,373: INFO: common: yaml file: params.yaml loaded successfully]
[2023-10-01 11:45:57,374: INFO: common: created directory at: artifacts]
[2023-10-01 11:45:57,375: INFO: common: created directory at: artifacts/data_ingestion]
[2023-10-01 11:45:57,376: INFO: 1434958058: File already exists of size: ~ 7718 KB]
[2023-10-01 11:47:12,076: INFO: common: yaml file: config\config.yaml loaded successfully]
[2023-10-01 11:47:12,078: INFO: common: yaml file: params.yaml loaded successfully]
[2023-10-01 11:47:12,080: INFO: common: created directory at: artifacts]
[2023-10-01 11:47:12,081: INFO: common: created directory at: artifacts/data_ingestion]
[2023-10-01 11:47:12,082: INFO: 1434958058: File already exists of size: ~ 7718 KB]
[2023-10-01 11:47:56,978: INFO: common: yaml file: config\config.yaml loaded successfully]
[2023-10-01 11:47:56,981: INFO: common: yaml file: params.yaml loaded successfully]
[2023-10-01 11:47:56,983: INFO: common: created directory at: artifacts]
[2023-10-01 11:53:39,081: INFO: common: yaml file: config\config.yaml loaded successfully]
[2023-10-01 11:53:39,083: INFO: common: yaml file: params.yaml loaded successfully]
[2023-10-01 11:53:39,085: INFO: common: created directory at: artifacts]
[2023-10-01 11:56:32,315: INFO: common: yaml file: config\config.yaml loaded successfully]
[2023-10-01 11:57:07,204: INFO: common: yaml file: config\config.yaml loaded successfully]
[2023-10-01 11:57:07,207: INFO: common: yaml file: params.yaml loaded successfully]
[2023-10-01 11:57:07,208: INFO: common: created directory at: artifacts]
[2023-10-01 11:59:16,087: INFO: common: yaml file: config\config.yaml loaded successfully]
[2023-10-01 11:59:16,090: INFO: common: yaml file: params.yaml loaded successfully]
[2023-10-01 11:59:16,091: INFO: common: created directory at: artifacts]
[2023-10-01 11:59:51,487: INFO: common: yaml file: config\config.yaml loaded successfully]
[2023-10-01 11:59:51,489: INFO: common: yaml file: params.yaml loaded successfully]
[2023-10-01 11:59:51,491: INFO: common: created directory at: artifacts]
[2023-10-01 12:02:17,563: INFO: common: yaml file: config\config.yaml loaded successfully]
[2023-10-01 12:02:17,566: INFO: common: yaml file: params.yaml loaded successfully]
[2023-10-01 12:02:17,567: INFO: common: created directory at: artifacts]
[2023-10-01 12:03:15,639: INFO: common: yaml file: config\config.yaml loaded successfully]
[2023-10-01 12:03:15,641: INFO: common: yaml file: params.yaml loaded successfully]
[2023-10-01 12:03:15,643: INFO: common: created directory at: artifacts]
[2023-10-01 12:03:15,644: INFO: common: created directory at: artifacts/data_validation]
[2023-10-01 12:03:29,959: INFO: common: yaml file: config\config.yaml loaded successfully]
[2023-10-01 12:03:29,962: INFO: common: yaml file: params.yaml loaded successfully]
[2023-10-01 12:03:29,963: INFO: common: created directory at: artifacts]
[2023-10-01 12:03:29,964: INFO: common: created directory at: artifacts/data_validation]
[2023-10-01 12:21:52,036: INFO: main: >>>>>> stage Data Ingestion stage started <<<<<<]
[2023-10-01 12:21:52,037: INFO: common: yaml file: config\config.yaml loaded successfully]
[2023-10-01 12:21:52,039: INFO: common: yaml file: params.yaml loaded successfully]
[2023-10-01 12:21:52,039: INFO: common: created directory at: artifacts]
[2023-10-01 12:21:52,039: INFO: common: created directory at: artifacts/data_ingestion]
[2023-10-01 12:21:52,039: INFO: data_ingestion: File already exists of size: ~ 7718 KB]
[2023-10-01 12:21:52,146: INFO: main: >>>>>> stage Data Ingestion stage completed <<<<<<

x==========x]
[2023-10-01 12:21:52,147: INFO: main: >>>>>> stage Data Validation stage started <<<<<<]
[2023-10-01 12:21:52,148: INFO: common: yaml file: config\config.yaml loaded successfully]
[2023-10-01 12:21:52,149: INFO: common: yaml file: params.yaml loaded successfully]
[2023-10-01 12:21:52,149: INFO: common: created directory at: artifacts]
[2023-10-01 12:21:52,150: INFO: common: created directory at: artifacts/data_validation]
[2023-10-01 12:21:52,151: INFO: main: >>>>>> stage Data Validation stage completed <<<<<<

x==========x]
